GROUP,PACKAGE,CLASS,INSTRUCTION_MISSED,INSTRUCTION_COVERED,BRANCH_MISSED,BRANCH_COVERED,LINE_MISSED,LINE_COVERED,COMPLEXITY_MISSED,COMPLEXITY_COVERED,METHOD_MISSED,METHOD_COVERED
movie-rental,app,ChildrenPrice,0,19,0,2,0,5,0,3,0,2
movie-rental,app,Movie,10,61,2,8,2,21,2,10,0,6
movie-rental,app,RegularPrice,0,19,0,2,0,5,0,3,0,2
movie-rental,app,Customer,0,139,0,6,0,24,0,9,0,6
movie-rental,app,Price,0,5,0,0,0,2,0,2,0,2
movie-rental,app,NewReleasePrice,0,15,0,2,0,3,0,4,0,3
movie-rental,app,Rental,0,27,0,0,0,8,0,5,0,5
