<?xml version="1.0" encoding="UTF-8"?>
<testsuite xmlns:xsi="http://www.w3.org/2001/XMLSchema-instance" xsi:noNamespaceSchemaLocation="https://maven.apache.org/surefire/maven-surefire-plugin/xsd/surefire-test-report.xsd" name="app.CustomerTest" time="0.032" tests="10" errors="0" skipped="0" failures="0">
  <properties>
[...]
</properties>
  <testcase name="testConstructorAndGetName" classname="app.CustomerTest" time="0.019"/>
  <testcase name="testGetTotalFrequentRenterPoints" classname="app.CustomerTest" time="0.002"/>
  <testcase name="testStatementForMultipleRentals" classname="app.CustomerTest" time="0"/>
  <testcase name="testStatementForNewReleaseMovieWithMoreThanOneDay" classname="app.CustomerTest" time="0"/>
  <testcase name="testAddRental" classname="app.CustomerTest" time="0.001"/>
  <testcase name="testStatementForChildrensMovieWithMoreThanThreeDays" classname="app.CustomerTest" time="0"/>
  <testcase name="testGetTotalCharge" classname="app.CustomerTest" time="0.001"/>
  <testcase name="testStatementForChildrensMovie" classname="app.CustomerTest" time="0"/>
  <testcase name="testStatementForRegularMovie" classname="app.CustomerTest" time="0"/>
  <testcase name="testStatementForNewReleaseMovie" classname="app.CustomerTest" time="0"/>
</testsuite>